TN:
SF:add/src/main.rs
FN:34,add::test::test_fails::{closure#0}
FN:25,add::test::test_negatives::{closure#0}
FN:19,add::test::test_succeeds::{closure#0}
FN:1,add::main
FN:4,add::add
FNDA:1,add::test::test_fails::{closure#0}
FNDA:1,add::test::test_negatives::{closure#0}
FNDA:1,add::test::test_succeeds::{closure#0}
FNDA:1,add::main
FNDA:1,add::add
FNF:5
FNH:5
BRF:0
BRH:0
DA:1,1
DA:4,3
DA:5,3
DA:6,3
DA:19,1
DA:25,1
DA:34,1
LF:7
LH:7
end_of_record
SF:sub/src/main.rs
FN:1,sub::main
FN:18,sub::test::test_succeeds::{closure#0}
FN:4,sub::sub
FN:24,sub::test::test_negatives::{closure#0}
FN:33,sub::test::test_fails::{closure#0}
FNDA:1,sub::main
FNDA:1,sub::test::test_succeeds::{closure#0}
FNDA:1,sub::sub
FNDA:1,sub::test::test_negatives::{closure#0}
FNDA:1,sub::test::test_fails::{closure#0}
FNF:5
FNH:5
BRF:0
BRH:0
DA:1,1
DA:4,3
DA:5,3
DA:6,3
DA:18,1
DA:24,1
DA:33,1
LF:7
LH:7
end_of_record
